<?xml version="1.0" encoding="UTF-8"?>
<!-- Generated by org.testng.reporters.JUnitReportReporter -->
<testsuite hostname="DESKTOP-V41BOPB" failures="0" tests="1" name="nehal.Test1" time="2.037" errors="0" timestamp="2021-05-24T16:13:03 BST" skipped="0">
  <testcase classname="nehal.Test1" name="test1" time="2.037"/>
  <system-out/>
</testsuite> <!-- nehal.Test1 -->
